#
# There is insufficient memory for the Java Runtime Environment to continue.
# Native memory allocation (malloc) failed to allocate 1174416 bytes for Chunk::new
# Possible reasons:
#   The system is out of physical RAM or swap space
#   The process is running with CompressedOops enabled, and the Java Heap may be blocking the growth of the native heap
# Possible solutions:
#   Reduce memory load on the system
#   Increase physical memory or swap space
#   Check if swap backing store is full
#   Decrease Java heap size (-Xmx/-Xms)
#   Decrease number of Java threads
#   Decrease Java thread stack sizes (-Xss)
#   Set larger code cache with -XX:ReservedCodeCacheSize=
#   JVM is running with Unscaled Compressed Oops mode in which the Java heap is
#     placed in the first 4GB address space. The Java Heap base address is the
#     maximum limit for the native heap growth. Please use -XX:HeapBaseMinAddress
#     to set the Java Heap base and to place the Java Heap above 4GB virtual address.
# This output file may be truncated or incomplete.
#
#  Out of Memory Error (arena.cpp:168), pid=47240, tid=49732
#
# JRE version: Java(TM) SE Runtime Environment (21.0.8+12) (build 21.0.8+12-LTS-250)
# Java VM: Java HotSpot(TM) 64-Bit Server VM (21.0.8+12-LTS-250, mixed mode, sharing, tiered, compressed oops, compressed class ptrs, g1 gc, windows-amd64)
# No core dump will be written. Minidumps are not enabled by default on client versions of Windows
#

---------------  S U M M A R Y ------------

Command Line: com.mycompany.prac1_ipc2.Prac1_IPC2

Host: AMD Ryzen 5 5500U with Radeon Graphics         , 12 cores, 5G,  Windows 11 , 64 bit Build 26100 (10.0.26100.7705)
Time: Tue Mar 10 03:12:30 2026 Hora estándar, América Central elapsed time: 16.523401 seconds (0d 0h 0m 16s)

---------------  T H R E A D  ---------------

Current thread (0x000001cc9f089350):  JavaThread "C2 CompilerThread0" daemon [_thread_in_native, id=49732, stack(0x0000004111000000,0x0000004111100000) (1024K)]


Current CompileTask:
C2:  16523 1819       4       sun.security.ec.ECOperations::setDouble (463 bytes)

Stack: [0x0000004111000000,0x0000004111100000]
Native frames: (J=compiled Java code, j=interpreted, Vv=VM code, C=native code)
V  [jvm.dll+0x6cc179]
V  [jvm.dll+0x8584c1]
V  [jvm.dll+0x85a9ee]
V  [jvm.dll+0x85b0c3]
V  [jvm.dll+0x27ebf6]
V  [jvm.dll+0xc4f4d]
V  [jvm.dll+0xc5483]
V  [jvm.dll+0x2f209d]
V  [jvm.dll+0x5f6daa]
V  [jvm.dll+0x250702]
V  [jvm.dll+0x250abf]
V  [jvm.dll+0x2495dc]
V  [jvm.dll+0x246b44]
V  [jvm.dll+0x1c7a3e]
V  [jvm.dll+0x256359]
V  [jvm.dll+0x2548ea]
V  [jvm.dll+0x3efef6]
V  [jvm.dll+0x80279b]
V  [jvm.dll+0x6ca85d]
C  [ucrtbase.dll+0x37b0]
C  [KERNEL32.DLL+0x2e8d7]
C  [ntdll.dll+0x8c40c]


---------------  P R O C E S S  ---------------

Threads class SMR info:
_java_thread_list=0x000001cce51390f0, length=17, elements={
0x000001cc9f07c470, 0x000001cc9f07efe0, 0x000001cc9f081470, 0x000001cc9f0836e0,
0x000001cc9f084e50, 0x000001cc9f0858a0, 0x000001cc9f089350, 0x000001cc9f08e880,
0x000001cc9f35bdb0, 0x000001cc9f35e420, 0x000001cc9f4dafe0, 0x000001cc9f4df650,
0x000001cc9f4dfcb0, 0x000001cc9f52eaa0, 0x000001cc809fe7e0, 0x000001cce511b340,
0x000001cce5139990
}

Java Threads: ( => current thread )
  0x000001cc9f07c470 JavaThread "Reference Handler"          daemon [_thread_blocked, id=29508, stack(0x0000004110a00000,0x0000004110b00000) (1024K)]
  0x000001cc9f07efe0 JavaThread "Finalizer"                  daemon [_thread_blocked, id=38484, stack(0x0000004110b00000,0x0000004110c00000) (1024K)]
  0x000001cc9f081470 JavaThread "Signal Dispatcher"          daemon [_thread_blocked, id=15764, stack(0x0000004110c00000,0x0000004110d00000) (1024K)]
  0x000001cc9f0836e0 JavaThread "Attach Listener"            daemon [_thread_blocked, id=13864, stack(0x0000004110d00000,0x0000004110e00000) (1024K)]
  0x000001cc9f084e50 JavaThread "Service Thread"             daemon [_thread_blocked, id=32104, stack(0x0000004110e00000,0x0000004110f00000) (1024K)]
  0x000001cc9f0858a0 JavaThread "Monitor Deflation Thread"   daemon [_thread_blocked, id=40008, stack(0x0000004110f00000,0x0000004111000000) (1024K)]
=>0x000001cc9f089350 JavaThread "C2 CompilerThread0"         daemon [_thread_in_native, id=49732, stack(0x0000004111000000,0x0000004111100000) (1024K)]
  0x000001cc9f08e880 JavaThread "C1 CompilerThread0"         daemon [_thread_in_vm, id=14504, stack(0x0000004111100000,0x0000004111200000) (1024K)]
  0x000001cc9f35bdb0 JavaThread "Notification Thread"        daemon [_thread_blocked, id=11348, stack(0x0000004111200000,0x0000004111300000) (1024K)]
  0x000001cc9f35e420 JavaThread "Common-Cleaner"             daemon [_thread_blocked, id=26208, stack(0x0000004111300000,0x0000004111400000) (1024K)]
  0x000001cc9f4dafe0 JavaThread "Java2D Disposer"            daemon [_thread_blocked, id=28156, stack(0x0000004111400000,0x0000004111500000) (1024K)]
  0x000001cc9f4df650 JavaThread "AWT-Shutdown"                      [_thread_blocked, id=49064, stack(0x0000004111500000,0x0000004111600000) (1024K)]
  0x000001cc9f4dfcb0 JavaThread "AWT-Windows"                daemon [_thread_in_native, id=18712, stack(0x0000004111600000,0x0000004111700000) (1024K)]
  0x000001cc9f52eaa0 JavaThread "AWT-EventQueue-0"                  [_thread_blocked, id=48524, stack(0x0000004111700000,0x0000004111800000) (1024K)]
  0x000001cc809fe7e0 JavaThread "DestroyJavaVM"                     [_thread_blocked, id=44680, stack(0x0000004110200000,0x0000004110300000) (1024K)]
  0x000001cce511b340 JavaThread "TimerQueue"                 daemon [_thread_blocked, id=47724, stack(0x0000004111d00000,0x0000004111e00000) (1024K)]
  0x000001cce5139990 JavaThread "mysql-cj-abandoned-connection-cleanup" daemon [_thread_blocked, id=38796, stack(0x0000004111e00000,0x0000004111f00000) (1024K)]
Total: 17

Other Threads:
  0x000001cc9f0600c0 VMThread "VM Thread"                           [id=36716, stack(0x0000004110900000,0x0000004110a00000) (1024K)]
  0x000001cc9f04d110 WatcherThread "VM Periodic Task Thread"        [id=31948, stack(0x0000004110800000,0x0000004110900000) (1024K)]
  0x000001cc82d3c150 WorkerThread "GC Thread#0"                     [id=21376, stack(0x0000004110300000,0x0000004110400000) (1024K)]
  0x000001cc82d48cf0 ConcurrentGCThread "G1 Main Marker"            [id=20924, stack(0x0000004110400000,0x0000004110500000) (1024K)]
  0x000001cc82d4b520 WorkerThread "G1 Conc#0"                       [id=40448, stack(0x0000004110500000,0x0000004110600000) (1024K)]
  0x000001cc9ef220c0 ConcurrentGCThread "G1 Refine#0"               [id=46288, stack(0x0000004110600000,0x0000004110700000) (1024K)]
  0x000001cc9ef22ad0 ConcurrentGCThread "G1 Service"                [id=45100, stack(0x0000004110700000,0x0000004110800000) (1024K)]
Total: 7

Threads with active compile tasks:
C2 CompilerThread0    16568 1819       4       sun.security.ec.ECOperations::setDouble (463 bytes)
C1 CompilerThread0    16568 1937       3       sun.util.locale.LocaleUtils::toUpperString (95 bytes)
Total: 2

VM state: not at safepoint (normal execution)

VM Mutex/Monitor currently owned by a thread:  ([mutex/lock_event])
[0x00007ffd771ff9d0] MethodCompileQueue_lock - owner thread: 0x000001cc9f08e880
[0x00007ffd77200d50] CodeCache_lock - owner thread: 0x000001cc9f08e880
[0x00007ffd77200ed0] Compile_lock - owner thread: 0x000001cc9f08e880

Heap address: 0x00000000a2200000, size: 1502 MB, Compressed Oops mode: 32-bit

CDS archive(s) mapped at: [0x000001cca0000000-0x000001cca0c90000-0x000001cca0c90000), size 13172736, SharedBaseAddress: 0x000001cca0000000, ArchiveRelocationMode: 1.
Compressed class space mapped at: 0x000001cca1000000-0x000001cce1000000, reserved size: 1073741824
Narrow klass base: 0x000001cca0000000, Narrow klass shift: 0, Narrow klass range: 0x100000000

GC Precious Log:
 CardTable entry size: 512
 Card Set container configuration: InlinePtr #cards 5 size 8 Array Of Cards #cards 12 size 40 Howl #buckets 4 coarsen threshold 1843 Howl Bitmap #cards 512 size 80 coarsen threshold 460 Card regions per heap region 1 cards per card region 2048
 CPUs: 12 total, 12 available
 Memory: 6005M
 Large Page Support: Disabled
 NUMA Support: Disabled
 Compressed Oops: Enabled (32-bit)
 Heap Region Size: 1M
 Heap Min Capacity: 8M
 Heap Initial Capacity: 94M
 Heap Max Capacity: 1502M
 Pre-touch: Disabled
 Parallel Workers: 10
 Concurrent Workers: 3
 Concurrent Refinement Workers: 10
 Periodic GC: Disabled

Heap:
 garbage-first heap   total 96256K, used 23552K [0x00000000a2200000, 0x0000000100000000)
  region size 1024K, 23 young (23552K), 0 survivors (0K)
 Metaspace       used 17779K, committed 17984K, reserved 1114112K
  class space    used 1965K, committed 2048K, reserved 1048576K

Heap Regions: E=young(eden), S=young(survivor), O=old, HS=humongous(starts), HC=humongous(continues), CS=collection set, F=free, TAMS=top-at-mark-start, PB=parsable bottom
|   0|0x00000000a2200000, 0x00000000a2300000, 0x00000000a2300000|100%|HS|  |TAMS 0x00000000a2200000| PB 0x00000000a2200000| Complete 
|   1|0x00000000a2300000, 0x00000000a2300000, 0x00000000a2400000|  0%| F|  |TAMS 0x00000000a2300000| PB 0x00000000a2300000| Untracked 
|   2|0x00000000a2400000, 0x00000000a2400000, 0x00000000a2500000|  0%| F|  |TAMS 0x00000000a2400000| PB 0x00000000a2400000| Untracked 
|   3|0x00000000a2500000, 0x00000000a2500000, 0x00000000a2600000|  0%| F|  |TAMS 0x00000000a2500000| PB 0x00000000a2500000| Untracked 
|   4|0x00000000a2600000, 0x00000000a2600000, 0x00000000a2700000|  0%| F|  |TAMS 0x00000000a2600000| PB 0x00000000a2600000| Untracked 
|   5|0x00000000a2700000, 0x00000000a2700000, 0x00000000a2800000|  0%| F|  |TAMS 0x00000000a2700000| PB 0x00000000a2700000| Untracked 
|   6|0x00000000a2800000, 0x00000000a2800000, 0x00000000a2900000|  0%| F|  |TAMS 0x00000000a2800000| PB 0x00000000a2800000| Untracked 
|   7|0x00000000a2900000, 0x00000000a2900000, 0x00000000a2a00000|  0%| F|  |TAMS 0x00000000a2900000| PB 0x00000000a2900000| Untracked 
|   8|0x00000000a2a00000, 0x00000000a2a00000, 0x00000000a2b00000|  0%| F|  |TAMS 0x00000000a2a00000| PB 0x00000000a2a00000| Untracked 
|   9|0x00000000a2b00000, 0x00000000a2b00000, 0x00000000a2c00000|  0%| F|  |TAMS 0x00000000a2b00000| PB 0x00000000a2b00000| Untracked 
|  10|0x00000000a2c00000, 0x00000000a2c00000, 0x00000000a2d00000|  0%| F|  |TAMS 0x00000000a2c00000| PB 0x00000000a2c00000| Untracked 
|  11|0x00000000a2d00000, 0x00000000a2d00000, 0x00000000a2e00000|  0%| F|  |TAMS 0x00000000a2d00000| PB 0x00000000a2d00000| Untracked 
|  12|0x00000000a2e00000, 0x00000000a2e00000, 0x00000000a2f00000|  0%| F|  |TAMS 0x00000000a2e00000| PB 0x00000000a2e00000| Untracked 
|  13|0x00000000a2f00000, 0x00000000a2f00000, 0x00000000a3000000|  0%| F|  |TAMS 0x00000000a2f00000| PB 0x00000000a2f00000| Untracked 
|  14|0x00000000a3000000, 0x00000000a3000000, 0x00000000a3100000|  0%| F|  |TAMS 0x00000000a3000000| PB 0x00000000a3000000| Untracked 
|  15|0x00000000a3100000, 0x00000000a3100000, 0x00000000a3200000|  0%| F|  |TAMS 0x00000000a3100000| PB 0x00000000a3100000| Untracked 
|  16|0x00000000a3200000, 0x00000000a3200000, 0x00000000a3300000|  0%| F|  |TAMS 0x00000000a3200000| PB 0x00000000a3200000| Untracked 
|  17|0x00000000a3300000, 0x00000000a3300000, 0x00000000a3400000|  0%| F|  |TAMS 0x00000000a3300000| PB 0x00000000a3300000| Untracked 
|  18|0x00000000a3400000, 0x00000000a3400000, 0x00000000a3500000|  0%| F|  |TAMS 0x00000000a3400000| PB 0x00000000a3400000| Untracked 
|  19|0x00000000a3500000, 0x00000000a3500000, 0x00000000a3600000|  0%| F|  |TAMS 0x00000000a3500000| PB 0x00000000a3500000| Untracked 
|  20|0x00000000a3600000, 0x00000000a3600000, 0x00000000a3700000|  0%| F|  |TAMS 0x00000000a3600000| PB 0x00000000a3600000| Untracked 
|  21|0x00000000a3700000, 0x00000000a3700000, 0x00000000a3800000|  0%| F|  |TAMS 0x00000000a3700000| PB 0x00000000a3700000| Untracked 
|  22|0x00000000a3800000, 0x00000000a3800000, 0x00000000a3900000|  0%| F|  |TAMS 0x00000000a3800000| PB 0x00000000a3800000| Untracked 
|  23|0x00000000a3900000, 0x00000000a3900000, 0x00000000a3a00000|  0%| F|  |TAMS 0x00000000a3900000| PB 0x00000000a3900000| Untracked 
|  24|0x00000000a3a00000, 0x00000000a3a00000, 0x00000000a3b00000|  0%| F|  |TAMS 0x00000000a3a00000| PB 0x00000000a3a00000| Untracked 
|  25|0x00000000a3b00000, 0x00000000a3b00000, 0x00000000a3c00000|  0%| F|  |TAMS 0x00000000a3b00000| PB 0x00000000a3b00000| Untracked 
|  26|0x00000000a3c00000, 0x00000000a3c00000, 0x00000000a3d00000|  0%| F|  |TAMS 0x00000000a3c00000| PB 0x00000000a3c00000| Untracked 
|  27|0x00000000a3d00000, 0x00000000a3d00000, 0x00000000a3e00000|  0%| F|  |TAMS 0x00000000a3d00000| PB 0x00000000a3d00000| Untracked 
|  28|0x00000000a3e00000, 0x00000000a3e00000, 0x00000000a3f00000|  0%| F|  |TAMS 0x00000000a3e00000| PB 0x00000000a3e00000| Untracked 
|  29|0x00000000a3f00000, 0x00000000a3f00000, 0x00000000a4000000|  0%| F|  |TAMS 0x00000000a3f00000| PB 0x00000000a3f00000| Untracked 
|  30|0x00000000a4000000, 0x00000000a4000000, 0x00000000a4100000|  0%| F|  |TAMS 0x00000000a4000000| PB 0x00000000a4000000| Untracked 
|  31|0x00000000a4100000, 0x00000000a4100000, 0x00000000a4200000|  0%| F|  |TAMS 0x00000000a4100000| PB 0x00000000a4100000| Untracked 
|  32|0x00000000a4200000, 0x00000000a4200000, 0x00000000a4300000|  0%| F|  |TAMS 0x00000000a4200000| PB 0x00000000a4200000| Untracked 
|  33|0x00000000a4300000, 0x00000000a4300000, 0x00000000a4400000|  0%| F|  |TAMS 0x00000000a4300000| PB 0x00000000a4300000| Untracked 
|  34|0x00000000a4400000, 0x00000000a4400000, 0x00000000a4500000|  0%| F|  |TAMS 0x00000000a4400000| PB 0x00000000a4400000| Untracked 
|  35|0x00000000a4500000, 0x00000000a4500000, 0x00000000a4600000|  0%| F|  |TAMS 0x00000000a4500000| PB 0x00000000a4500000| Untracked 
|  36|0x00000000a4600000, 0x00000000a4600000, 0x00000000a4700000|  0%| F|  |TAMS 0x00000000a4600000| PB 0x00000000a4600000| Untracked 
|  37|0x00000000a4700000, 0x00000000a4700000, 0x00000000a4800000|  0%| F|  |TAMS 0x00000000a4700000| PB 0x00000000a4700000| Untracked 
|  38|0x00000000a4800000, 0x00000000a4800000, 0x00000000a4900000|  0%| F|  |TAMS 0x00000000a4800000| PB 0x00000000a4800000| Untracked 
|  39|0x00000000a4900000, 0x00000000a4900000, 0x00000000a4a00000|  0%| F|  |TAMS 0x00000000a4900000| PB 0x00000000a4900000| Untracked 
|  40|0x00000000a4a00000, 0x00000000a4a00000, 0x00000000a4b00000|  0%| F|  |TAMS 0x00000000a4a00000| PB 0x00000000a4a00000| Untracked 
|  41|0x00000000a4b00000, 0x00000000a4b00000, 0x00000000a4c00000|  0%| F|  |TAMS 0x00000000a4b00000| PB 0x00000000a4b00000| Untracked 
|  42|0x00000000a4c00000, 0x00000000a4c00000, 0x00000000a4d00000|  0%| F|  |TAMS 0x00000000a4c00000| PB 0x00000000a4c00000| Untracked 
|  43|0x00000000a4d00000, 0x00000000a4d00000, 0x00000000a4e00000|  0%| F|  |TAMS 0x00000000a4d00000| PB 0x00000000a4d00000| Untracked 
|  44|0x00000000a4e00000, 0x00000000a4e00000, 0x00000000a4f00000|  0%| F|  |TAMS 0x00000000a4e00000| PB 0x00000000a4e00000| Untracked 
|  45|0x00000000a4f00000, 0x00000000a4f00000, 0x00000000a5000000|  0%| F|  |TAMS 0x00000000a4f00000| PB 0x00000000a4f00000| Untracked 
|  46|0x00000000a5000000, 0x00000000a5000000, 0x00000000a5100000|  0%| F|  |TAMS 0x00000000a5000000| PB 0x00000000a5000000| Untracked 
|  47|0x00000000a5100000, 0x00000000a5100000, 0x00000000a5200000|  0%| F|  |TAMS 0x00000000a5100000| PB 0x00000000a5100000| Untracked 
|  48|0x00000000a5200000, 0x00000000a5200000, 0x00000000a5300000|  0%| F|  |TAMS 0x00000000a5200000| PB 0x00000000a5200000| Untracked 
|  49|0x00000000a5300000, 0x00000000a5300000, 0x00000000a5400000|  0%| F|  |TAMS 0x00000000a5300000| PB 0x00000000a5300000| Untracked 
|  50|0x00000000a5400000, 0x00000000a5400000, 0x00000000a5500000|  0%| F|  |TAMS 0x00000000a5400000| PB 0x00000000a5400000| Untracked 
|  51|0x00000000a5500000, 0x00000000a5500000, 0x00000000a5600000|  0%| F|  |TAMS 0x00000000a5500000| PB 0x00000000a5500000| Untracked 
|  52|0x00000000a5600000, 0x00000000a5600000, 0x00000000a5700000|  0%| F|  |TAMS 0x00000000a5600000| PB 0x00000000a5600000| Untracked 
|  53|0x00000000a5700000, 0x00000000a5700000, 0x00000000a5800000|  0%| F|  |TAMS 0x00000000a5700000| PB 0x00000000a5700000| Untracked 
|  54|0x00000000a5800000, 0x00000000a5800000, 0x00000000a5900000|  0%| F|  |TAMS 0x00000000a5800000| PB 0x00000000a5800000| Untracked 
|  55|0x00000000a5900000, 0x00000000a5900000, 0x00000000a5a00000|  0%| F|  |TAMS 0x00000000a5900000| PB 0x00000000a5900000| Untracked 
|  56|0x00000000a5a00000, 0x00000000a5a00000, 0x00000000a5b00000|  0%| F|  |TAMS 0x00000000a5a00000| PB 0x00000000a5a00000| Untracked 
|  57|0x00000000a5b00000, 0x00000000a5b00000, 0x00000000a5c00000|  0%| F|  |TAMS 0x00000000a5b00000| PB 0x00000000a5b00000| Untracked 
|  58|0x00000000a5c00000, 0x00000000a5c00000, 0x00000000a5d00000|  0%| F|  |TAMS 0x00000000a5c00000| PB 0x00000000a5c00000| Untracked 
|  59|0x00000000a5d00000, 0x00000000a5d00000, 0x00000000a5e00000|  0%| F|  |TAMS 0x00000000a5d00000| PB 0x00000000a5d00000| Untracked 
|  60|0x00000000a5e00000, 0x00000000a5e00000, 0x00000000a5f00000|  0%| F|  |TAMS 0x00000000a5e00000| PB 0x00000000a5e00000| Untracked 
|  61|0x00000000a5f00000, 0x00000000a5f00000, 0x00000000a6000000|  0%| F|  |TAMS 0x00000000a5f00000| PB 0x00000000a5f00000| Untracked 
|  62|0x00000000a6000000, 0x00000000a6000000, 0x00000000a6100000|  0%| F|  |TAMS 0x00000000a6000000| PB 0x00000000a6000000| Untracked 
|  63|0x00000000a6100000, 0x00000000a6100000, 0x00000000a6200000|  0%| F|  |TAMS 0x00000000a6100000| PB 0x00000000a6100000| Untracked 
|  64|0x00000000a6200000, 0x00000000a6200000, 0x00000000a6300000|  0%| F|  |TAMS 0x00000000a6200000| PB 0x00000000a6200000| Untracked 
|  65|0x00000000a6300000, 0x00000000a6300000, 0x00000000a6400000|  0%| F|  |TAMS 0x00000000a6300000| PB 0x00000000a6300000| Untracked 
|  66|0x00000000a6400000, 0x00000000a6400000, 0x00000000a6500000|  0%| F|  |TAMS 0x00000000a6400000| PB 0x00000000a6400000| Untracked 
|  67|0x00000000a6500000, 0x00000000a6500000, 0x00000000a6600000|  0%| F|  |TAMS 0x00000000a6500000| PB 0x00000000a6500000| Untracked 
|  68|0x00000000a6600000, 0x00000000a6600000, 0x00000000a6700000|  0%| F|  |TAMS 0x00000000a6600000| PB 0x00000000a6600000| Untracked 
|  69|0x00000000a6700000, 0x00000000a6700000, 0x00000000a6800000|  0%| F|  |TAMS 0x00000000a6700000| PB 0x00000000a6700000| Untracked 
|  70|0x00000000a6800000, 0x00000000a6800000, 0x00000000a6900000|  0%| F|  |TAMS 0x00000000a6800000| PB 0x00000000a6800000| Untracked 
|  71|0x00000000a6900000, 0x00000000a6975c40, 0x00000000a6a00000| 46%| E|  |TAMS 0x00000000a6900000| PB 0x00000000a6900000| Complete 
|  72|0x00000000a6a00000, 0x00000000a6b00000, 0x00000000a6b00000|100%| E|CS|TAMS 0x00000000a6a00000| PB 0x00000000a6a00000| Complete 
|  73|0x00000000a6b00000, 0x00000000a6c00000, 0x00000000a6c00000|100%| E|CS|TAMS 0x00000000a6b00000| PB 0x00000000a6b00000| Complete 
|  74|0x00000000a6c00000, 0x00000000a6d00000, 0x00000000a6d00000|100%| E|CS|TAMS 0x00000000a6c00000| PB 0x00000000a6c00000| Complete 
|  75|0x00000000a6d00000, 0x00000000a6e00000, 0x00000000a6e00000|100%| E|CS|TAMS 0x00000000a6d00000| PB 0x00000000a6d00000| Complete 
|  76|0x00000000a6e00000, 0x00000000a6f00000, 0x00000000a6f00000|100%| E|CS|TAMS 0x00000000a6e00000| PB 0x00000000a6e00000| Complete 
|  77|0x00000000a6f00000, 0x00000000a7000000, 0x00000000a7000000|100%| E|CS|TAMS 0x00000000a6f00000| PB 0x00000000a6f00000| Complete 
|  78|0x00000000a7000000, 0x00000000a7100000, 0x00000000a7100000|100%| E|CS|TAMS 0x00000000a7000000| PB 0x00000000a7000000| Complete 
|  79|0x00000000a7100000, 0x00000000a7200000, 0x00000000a7200000|100%| E|CS|TAMS 0x00000000a7100000| PB 0x00000000a7100000| Complete 
|  80|0x00000000a7200000, 0x00000000a7300000, 0x00000000a7300000|100%| E|CS|TAMS 0x00000000a7200000| PB 0x00000000a7200000| Complete 
|  81|0x00000000a7300000, 0x00000000a7400000, 0x00000000a7400000|100%| E|CS|TAMS 0x00000000a7300000| PB 0x00000000a7300000| Complete 
|  82|0x00000000a7400000, 0x00000000a7500000, 0x00000000a7500000|100%| E|CS|TAMS 0x00000000a7400000| PB 0x00000000a7400000| Complete 
|  83|0x00000000a7500000, 0x00000000a7600000, 0x00000000a7600000|100%| E|CS|TAMS 0x00000000a7500000| PB 0x00000000a7500000| Complete 
|  84|0x00000000a7600000, 0x00000000a7700000, 0x00000000a7700000|100%| E|CS|TAMS 0x00000000a7600000| PB 0x00000000a7600000| Complete 
|  85|0x00000000a7700000, 0x00000000a7800000, 0x00000000a7800000|100%| E|CS|TAMS 0x00000000a7700000| PB 0x00000000a7700000| Complete 
|  86|0x00000000a7800000, 0x00000000a7900000, 0x00000000a7900000|100%| E|CS|TAMS 0x00000000a7800000| PB 0x00000000a7800000| Complete 
|  87|0x00000000a7900000, 0x00000000a7a00000, 0x00000000a7a00000|100%| E|CS|TAMS 0x00000000a7900000| PB 0x00000000a7900000| Complete 
|  88|0x00000000a7a00000, 0x00000000a7b00000, 0x00000000a7b00000|100%| E|CS|TAMS 0x00000000a7a00000| PB 0x00000000a7a00000| Complete 
|  89|0x00000000a7b00000, 0x00000000a7c00000, 0x00000000a7c00000|100%| E|CS|TAMS 0x00000000a7b00000| PB 0x00000000a7b00000| Complete 
|  90|0x00000000a7c00000, 0x00000000a7d00000, 0x00000000a7d00000|100%| E|CS|TAMS 0x00000000a7c00000| PB 0x00000000a7c00000| Complete 
|  91|0x00000000a7d00000, 0x00000000a7e00000, 0x00000000a7e00000|100%| E|CS|TAMS 0x00000000a7d00000| PB 0x00000000a7d00000| Complete 
|  92|0x00000000a7e00000, 0x00000000a7f00000, 0x00000000a7f00000|100%| E|CS|TAMS 0x00000000a7e00000| PB 0x00000000a7e00000| Complete 
|  93|0x00000000a7f00000, 0x00000000a8000000, 0x00000000a8000000|100%| E|CS|TAMS 0x00000000a7f00000| PB 0x00000000a7f00000| Complete 

Card table byte_map: [0x000001cc9a9e0000,0x000001cc9acd0000] _byte_map_base: 0x000001cc9a4cf000

Marking Bits: (CMBitMap*) 0x000001cc82d3c850
 Bits: [0x000001cc9acd0000, 0x000001cc9c448000)

Polling page: 0x000001cc809a0000

Metaspace:

Usage:
  Non-class:     15.44 MB used.
      Class:      1.92 MB used.
       Both:     17.36 MB used.

Virtual space:
  Non-class space:       64.00 MB reserved,      15.56 MB ( 24%) committed,  1 nodes.
      Class space:        1.00 GB reserved,       2.00 MB ( <1%) committed,  1 nodes.
             Both:        1.06 GB reserved,      17.56 MB (  2%) committed. 

Chunk freelists:
   Non-Class:  432.00 KB
       Class:  14.02 MB
        Both:  14.44 MB

MaxMetaspaceSize: unlimited
CompressedClassSpaceSize: 1.00 GB
Initial GC threshold: 21.00 MB
Current GC threshold: 21.00 MB
CDS: on
 - commit_granule_bytes: 65536.
 - commit_granule_words: 8192.
 - virtual_space_node_default_size: 8388608.
 - enlarge_chunks_in_place: 1.
 - use_allocation_guard: 0.


Internal statistics:

num_allocs_failed_limit: 0.
num_arena_births: 188.
num_arena_deaths: 0.
num_vsnodes_births: 2.
num_vsnodes_deaths: 0.
num_space_committed: 281.
num_space_uncommitted: 0.
num_chunks_returned_to_freelist: 0.
num_chunks_taken_from_freelist: 396.
num_chunk_merges: 0.
num_chunk_splits: 241.
num_chunks_enlarged: 142.
num_inconsistent_stats: 0.

CodeHeap 'non-profiled nmethods': size=120000Kb used=627Kb max_used=627Kb free=119373Kb
 bounds [0x000001cc92c60000, 0x000001cc92ed0000, 0x000001cc9a190000]
CodeHeap 'profiled nmethods': size=120000Kb used=3326Kb max_used=3326Kb free=116673Kb
 bounds [0x000001cc8b190000, 0x000001cc8b4d0000, 0x000001cc926c0000]
CodeHeap 'non-nmethods': size=5760Kb used=1692Kb max_used=1704Kb free=4067Kb
 bounds [0x000001cc926c0000, 0x000001cc92930000, 0x000001cc92c60000]
 total_blobs=2650 nmethods=1921 adapters=634
 compilation: enabled
              stopped_count=0, restarted_count=0
 full_count=0

Compilation events (20 events):
Event: 13.464 Thread 0x000001cc9f08e880 1890       3       sun.net.util.URLUtil::urlNoFragString (143 bytes)
Event: 13.465 Thread 0x000001cc9f08e880 nmethod 1890 0x000001cc8b4b9e90 code [0x000001cc8b4ba1c0, 0x000001cc8b4bb178]
Event: 13.468 Thread 0x000001cc9f08e880 1891       3       java.util.RegularEnumSet::contains (57 bytes)
Event: 13.469 Thread 0x000001cc9f08e880 nmethod 1891 0x000001cc8b4bb710 code [0x000001cc8b4bb8e0, 0x000001cc8b4bbcf0]
Event: 13.469 Thread 0x000001cc9f08e880 1892       3       java.security.CodeSource::matchCerts (254 bytes)
Event: 13.470 Thread 0x000001cc9f08e880 nmethod 1892 0x000001cc8b4bbe10 code [0x000001cc8b4bc080, 0x000001cc8b4bcbb0]
Event: 13.470 Thread 0x000001cc9f08e880 1893       3       java.lang.ClassLoader::definePackage (85 bytes)
Event: 13.471 Thread 0x000001cc9f08e880 nmethod 1893 0x000001cc8b4bcf90 code [0x000001cc8b4bd260, 0x000001cc8b4be130]
Event: 13.471 Thread 0x000001cc9f08e880 1894       3       java.lang.Package::isSealed (26 bytes)
Event: 13.471 Thread 0x000001cc9f08e880 nmethod 1894 0x000001cc8b4be610 code [0x000001cc8b4be7c0, 0x000001cc8b4beab8]
Event: 13.472 Thread 0x000001cc9f08e880 1895       3       jdk.internal.loader.BuiltinClassLoader::isSealed (71 bytes)
Event: 13.474 Thread 0x000001cc9f08e880 nmethod 1895 0x000001cc8b4beb90 code [0x000001cc8b4bf000, 0x000001cc8b4c0d10]
Event: 13.474 Thread 0x000001cc9f08e880 1896       3       jdk.internal.misc.Unsafe::checkPrimitivePointer (19 bytes)
Event: 13.474 Thread 0x000001cc9f08e880 nmethod 1896 0x000001cc8b4c1890 code [0x000001cc8b4c1aa0, 0x000001cc8b4c20b0]
Event: 13.494 Thread 0x000001cc9f08e880 1897       3       com.mysql.cj.protocol.a.NativePacketHeader::getMessageSize (48 bytes)
Event: 14.496 Thread 0x000001cc9f08e880 nmethod 1897 0x000001cc8b4c2310 code [0x000001cc8b4c2580, 0x000001cc8b4c2da0]
Event: 14.496 Thread 0x000001cc9f08e880 1898       1       com.mysql.cj.result.DefaultColumnDefinition::getFields (5 bytes)
Event: 14.496 Thread 0x000001cc9f08e880 nmethod 1898 0x000001cc92cfa110 code [0x000001cc92cfa2a0, 0x000001cc92cfa368]
Event: 16.478 Thread 0x000001cc9f08e880 1899       3       sun.awt.windows.WGlobalCursorManager::getCursorManager (20 bytes)
Event: 16.478 Thread 0x000001cc9f08e880 nmethod 1899 0x000001cc8b4c3110 code [0x000001cc8b4c3300, 0x000001cc8b4c3908]

GC Heap History (0 events):
No events

Dll operation events (11 events):
Event: 0.009 Loaded shared library C:\Program Files\Java\jdk-21\bin\java.dll
Event: 0.039 Loaded shared library C:\Program Files\Java\jdk-21\bin\jsvml.dll
Event: 0.092 Loaded shared library C:\Program Files\Java\jdk-21\bin\jimage.dll
Event: 0.103 Loaded shared library C:\Program Files\Java\jdk-21\bin\awt.dll
Event: 0.131 Loaded shared library C:\Program Files\Java\jdk-21\bin\net.dll
Event: 0.133 Loaded shared library C:\Program Files\Java\jdk-21\bin\nio.dll
Event: 0.137 Loaded shared library C:\Program Files\Java\jdk-21\bin\zip.dll
Event: 6.156 Loaded shared library C:\Program Files\Java\jdk-21\bin\freetype.dll
Event: 6.160 Loaded shared library C:\Program Files\Java\jdk-21\bin\fontmanager.dll
Event: 12.807 Loaded shared library C:\Program Files\Java\jdk-21\bin\extnet.dll
Event: 12.963 Loaded shared library C:\Program Files\Java\jdk-21\bin\sunmscapi.dll

Deoptimization events (20 events):
Event: 13.408 Thread 0x000001cc9f52eaa0 DEOPT PACKING pc=0x000001cc8b45248a sp=0x00000041117fd000
Event: 13.408 Thread 0x000001cc9f52eaa0 DEOPT UNPACKING pc=0x000001cc92714e42 sp=0x00000041117fc458 mode 0
Event: 13.408 Thread 0x000001cc9f52eaa0 DEOPT PACKING pc=0x000001cc8b45248a sp=0x00000041117fd000
Event: 13.408 Thread 0x000001cc9f52eaa0 DEOPT UNPACKING pc=0x000001cc92714e42 sp=0x00000041117fc458 mode 0
Event: 13.408 Thread 0x000001cc9f52eaa0 DEOPT PACKING pc=0x000001cc8b45248a sp=0x00000041117fcff0
Event: 13.408 Thread 0x000001cc9f52eaa0 DEOPT UNPACKING pc=0x000001cc92714e42 sp=0x00000041117fc448 mode 0
Event: 13.408 Thread 0x000001cc9f52eaa0 DEOPT PACKING pc=0x000001cc8b45248a sp=0x00000041117fcff0
Event: 13.408 Thread 0x000001cc9f52eaa0 DEOPT UNPACKING pc=0x000001cc92714e42 sp=0x00000041117fc448 mode 0
Event: 13.408 Thread 0x000001cc9f52eaa0 DEOPT PACKING pc=0x000001cc8b45248a sp=0x00000041117fd110
Event: 13.408 Thread 0x000001cc9f52eaa0 DEOPT UNPACKING pc=0x000001cc92714e42 sp=0x00000041117fc568 mode 0
Event: 13.408 Thread 0x000001cc9f52eaa0 DEOPT PACKING pc=0x000001cc8b45248a sp=0x00000041117fd110
Event: 13.408 Thread 0x000001cc9f52eaa0 DEOPT UNPACKING pc=0x000001cc92714e42 sp=0x00000041117fc568 mode 0
Event: 13.420 Thread 0x000001cc9f52eaa0 Uncommon trap: trap_request=0xffffff6e fr.pc=0x000001cc92cf800c relative=0x000000000000026c
Event: 13.420 Thread 0x000001cc9f52eaa0 Uncommon trap: reason=loop_limit_check action=maybe_recompile pc=0x000001cc92cf800c method=java.math.BigInteger.implMulAdd([I[IIII)I @ 26 c2
Event: 13.420 Thread 0x000001cc9f52eaa0 DEOPT PACKING pc=0x000001cc92cf800c sp=0x00000041117fce80
Event: 13.420 Thread 0x000001cc9f52eaa0 DEOPT UNPACKING pc=0x000001cc927146a2 sp=0x00000041117fcdd0 mode 2
Event: 13.468 Thread 0x000001cc9f52eaa0 Uncommon trap: trap_request=0xffffff45 fr.pc=0x000001cc92c79ccc relative=0x000000000000012c
Event: 13.468 Thread 0x000001cc9f52eaa0 Uncommon trap: reason=unstable_if action=reinterpret pc=0x000001cc92c79ccc method=java.lang.StringCoding.countPositives([BII)I @ 17 c2
Event: 13.468 Thread 0x000001cc9f52eaa0 DEOPT PACKING pc=0x000001cc92c79ccc sp=0x00000041117fde20
Event: 13.468 Thread 0x000001cc9f52eaa0 DEOPT UNPACKING pc=0x000001cc927146a2 sp=0x00000041117fdda8 mode 2

Classes loaded (20 events):
Event: 13.316 Loading class javax/net/ssl/SSLEngineResult$HandshakeStatus
Event: 13.316 Loading class javax/net/ssl/SSLEngineResult$HandshakeStatus done
Event: 13.316 Loading class jdk/internal/event/TLSHandshakeEvent
Event: 13.317 Loading class jdk/internal/event/TLSHandshakeEvent done
Event: 13.319 Loading class java/security/DigestException
Event: 13.319 Loading class java/security/DigestException done
Event: 13.321 Loading class javax/security/sasl/SaslException
Event: 13.321 Loading class javax/security/sasl/SaslException done
Event: 13.322 Loading class javax/security/auth/callback/UnsupportedCallbackException
Event: 13.322 Loading class javax/security/auth/callback/UnsupportedCallbackException done
Event: 13.322 Loading class javax/security/auth/login/Configuration
Event: 13.323 Loading class javax/security/auth/login/Configuration done
Event: 13.324 Loading class javax/security/auth/callback/Callback
Event: 13.324 Loading class javax/security/auth/callback/Callback done
Event: 13.324 Loading class sun/invoke/util/VerifyAccess$1
Event: 13.324 Loading class sun/invoke/util/VerifyAccess$1 done
Event: 13.456 Loading class java/util/NoSuchElementException
Event: 13.456 Loading class java/util/NoSuchElementException done
Event: 13.465 Loading class java/util/TimerTask
Event: 13.465 Loading class java/util/TimerTask done

Classes unloaded (0 events):
No events

Classes redefined (0 events):
No events

Internal exceptions (20 events):
Event: 0.282 Thread 0x000001cc809fe7e0 Exception <a 'java/lang/NoSuchMethodError'{0x00000000a7b158b0}: 'void java.lang.invoke.DirectMethodHandle$Holder.invokeStaticInit(java.lang.Object)'> (0x00000000a7b158b0) 
thrown [s\open\src\hotspot\share\interpreter\linkResolver.cpp, line 773]
Event: 0.289 Thread 0x000001cc809fe7e0 Exception <a 'java/lang/NoSuchMethodError'{0x00000000a7b39ed0}: 'java.lang.Object java.lang.invoke.DirectMethodHandle$Holder.newInvokeSpecial(java.lang.Object, java.lang.Object, java.lang.Object, java.lang.Object, java.lang.Object)'> (0x00000000a7b39ed0) 
thrown [s\open\src\hotspot\share\interpreter\linkResolver.cpp, line 773]
Event: 0.296 Thread 0x000001cc809fe7e0 Exception <a 'java/lang/NoSuchMethodError'{0x00000000a7b65a40}: 'java.lang.Object java.lang.invoke.DirectMethodHandle$Holder.invokeStatic(java.lang.Object, int, java.lang.Object)'> (0x00000000a7b65a40) 
thrown [s\open\src\hotspot\share\interpreter\linkResolver.cpp, line 773]
Event: 0.318 Thread 0x000001cc809fe7e0 Exception <a 'java/lang/ClassNotFoundException'{0x00000000a7bd6fc0}: com/sun/java/swing/plaf/windows/resources/spi/windowsProvider> (0x00000000a7bd6fc0) 
thrown [s\open\src\hotspot\share\classfile\systemDictionary.cpp, line 312]
Event: 0.320 Thread 0x000001cc809fe7e0 Exception <a 'java/lang/ClassNotFoundException'{0x00000000a7bdb020}: com/sun/swing/internal/plaf/basic/resources/spi/basicProvider> (0x00000000a7bdb020) 
thrown [s\open\src\hotspot\share\classfile\systemDictionary.cpp, line 312]
Event: 0.327 Thread 0x000001cc809fe7e0 Exception <a 'java/lang/NoSuchMethodError'{0x00000000a7be90a8}: 'java.lang.Object java.lang.invoke.DirectMethodHandle$Holder.invokeStatic(java.lang.Object, java.lang.Object, int, java.lang.Object)'> (0x00000000a7be90a8) 
thrown [s\open\src\hotspot\share\interpreter\linkResolver.cpp, line 773]
Event: 0.328 Thread 0x000001cc809fe7e0 Exception <a 'java/lang/NoSuchMethodError'{0x00000000a7bef3f8}: 'java.lang.Object java.lang.invoke.DirectMethodHandle$Holder.newInvokeSpecial(java.lang.Object, java.lang.Object, int)'> (0x00000000a7bef3f8) 
thrown [s\open\src\hotspot\share\interpreter\linkResolver.cpp, line 773]
Event: 6.233 Thread 0x000001cc9f52eaa0 Exception <a 'java/lang/NoSuchMethodError'{0x00000000a7a65b88}: 'int java.lang.invoke.Invokers$Holder.invokeExact_MT(java.lang.Object, java.lang.Object)'> (0x00000000a7a65b88) 
thrown [s\open\src\hotspot\share\interpreter\linkResolver.cpp, line 773]
Event: 6.315 Thread 0x000001cc9f4dfcb0 Exception <a 'java/lang/NoSuchMethodError'{0x00000000a7c843e8}: 'void java.lang.invoke.DirectMethodHandle$Holder.invokeVirtual(java.lang.Object, java.lang.Object)'> (0x00000000a7c843e8) 
thrown [s\open\src\hotspot\share\interpreter\linkResolver.cpp, line 773]
Event: 12.605 Thread 0x000001cc9f52eaa0 Exception <a 'java/lang/NoSuchMethodError'{0x00000000a786b0d8}: 'void java.lang.invoke.DirectMethodHandle$Holder.invokeStatic(java.lang.Object, java.lang.Object)'> (0x00000000a786b0d8) 
thrown [s\open\src\hotspot\share\interpreter\linkResolver.cpp, line 773]
Event: 12.650 Thread 0x000001cc9f52eaa0 Exception <a 'java/lang/NoSuchMethodError'{0x00000000a77a7700}: 'java.lang.Object java.lang.invoke.DirectMethodHandle$Holder.invokeInterface(java.lang.Object, java.lang.Object)'> (0x00000000a77a7700) 
thrown [s\open\src\hotspot\share\interpreter\linkResolver.cpp, line 773]
Event: 12.671 Thread 0x000001cc9f52eaa0 Exception <a 'java/lang/NoSuchMethodError'{0x00000000a7621480}: 'void java.lang.invoke.DirectMethodHandle$Holder.invokeStatic(java.lang.Object, java.lang.Object, java.lang.Object)'> (0x00000000a7621480) 
thrown [s\open\src\hotspot\share\interpreter\linkResolver.cpp, line 773]
Event: 12.673 Thread 0x000001cc9f52eaa0 Exception <a 'java/lang/NoSuchMethodError'{0x00000000a762a800}: 'java.lang.Object java.lang.invoke.DirectMethodHandle$Holder.invokeVirtual(java.lang.Object, java.lang.Object, java.lang.Object)'> (0x00000000a762a800) 
thrown [s\open\src\hotspot\share\interpreter\linkResolver.cpp, line 773]
Event: 12.919 Thread 0x000001cc9f52eaa0 Exception <a 'java/lang/NoSuchMethodError'{0x00000000a71fc4a8}: 'void java.lang.invoke.DirectMethodHandle$Holder.invokeStaticInit(java.lang.Object, java.lang.Object)'> (0x00000000a71fc4a8) 
thrown [s\open\src\hotspot\share\interpreter\linkResolver.cpp, line 773]
Event: 13.018 Thread 0x000001cc9f52eaa0 Exception <a 'sun/nio/fs/WindowsException'{0x00000000a6f56070}> (0x00000000a6f56070) 
thrown [s\open\src\hotspot\share\prims\jni.cpp, line 520]
Event: 13.080 Thread 0x000001cc9f52eaa0 Exception <a 'java/lang/NoSuchMethodError'{0x00000000a6e05658}: 'java.lang.Object java.lang.invoke.DirectMethodHandle$Holder.invokeStaticInit(java.lang.Object, int, int, int, int)'> (0x00000000a6e05658) 
thrown [s\open\src\hotspot\share\interpreter\linkResolver.cpp, line 773]
Event: 13.107 Thread 0x000001cc9f52eaa0 Exception <a 'java/lang/NoSuchMethodError'{0x00000000a6ec0968}: 'java.lang.Object java.lang.invoke.DirectMethodHandle$Holder.invokeStaticInit(java.lang.Object, java.lang.Object, int, int, int, int)'> (0x00000000a6ec0968) 
thrown [s\open\src\hotspot\share\interpreter\linkResolver.cpp, line 773]
Event: 13.300 Thread 0x000001cc9f52eaa0 Exception <a 'java/lang/NullPointerException'{0x00000000a6c50128}> (0x00000000a6c50128) 
thrown [s\open\src\hotspot\share\interpreter\linkResolver.cpp, line 1372]
Event: 13.400 Thread 0x000001cc9f52eaa0 Exception <a 'java/lang/NullPointerException'{0x00000000a6b80f18}> (0x00000000a6b80f18) 
thrown [s\open\src\hotspot\share\interpreter\linkResolver.cpp, line 1372]
Event: 13.423 Thread 0x000001cc9f52eaa0 Exception <a 'java/lang/NullPointerException'{0x00000000a6bd9c88}> (0x00000000a6bd9c88) 
thrown [s\open\src\hotspot\share\interpreter\linkResolver.cpp, line 1372]

ZGC Phase Switch (0 events):
No events

VM Operations (20 events):
Event: 9.294 Executing VM operation: Cleanup
Event: 9.294 Executing VM operation: Cleanup done
Event: 10.302 Executing VM operation: Cleanup
Event: 10.302 Executing VM operation: Cleanup done
Event: 11.312 Executing VM operation: Cleanup
Event: 11.312 Executing VM operation: Cleanup done
Event: 12.312 Executing VM operation: Cleanup
Event: 12.312 Executing VM operation: Cleanup done
Event: 12.927 Executing VM operation: HandshakeAllThreads (Deoptimize)
Event: 12.927 Executing VM operation: HandshakeAllThreads (Deoptimize) done
Event: 13.034 Executing VM operation: HandshakeAllThreads (Deoptimize)
Event: 13.034 Executing VM operation: HandshakeAllThreads (Deoptimize) done
Event: 13.286 Executing VM operation: HandshakeAllThreads (Deoptimize)
Event: 13.286 Executing VM operation: HandshakeAllThreads (Deoptimize) done
Event: 13.386 Executing VM operation: ICBufferFull
Event: 13.386 Executing VM operation: ICBufferFull done
Event: 14.399 Executing VM operation: Cleanup
Event: 14.494 Executing VM operation: Cleanup done
Event: 16.520 Executing VM operation: Cleanup
Event: 16.521 Executing VM operation: Cleanup done

Events (19 events):
Event: 0.023 Thread 0x000001cc809fe7e0 Thread added: 0x000001cc809fe7e0
Event: 0.037 Thread 0x000001cc9f07c470 Thread added: 0x000001cc9f07c470
Event: 0.037 Thread 0x000001cc9f07efe0 Thread added: 0x000001cc9f07efe0
Event: 0.037 Thread 0x000001cc9f081470 Thread added: 0x000001cc9f081470
Event: 0.037 Thread 0x000001cc9f0836e0 Thread added: 0x000001cc9f0836e0
Event: 0.037 Thread 0x000001cc9f084e50 Thread added: 0x000001cc9f084e50
Event: 0.037 Thread 0x000001cc9f0858a0 Thread added: 0x000001cc9f0858a0
Event: 0.037 Thread 0x000001cc9f089350 Thread added: 0x000001cc9f089350
Event: 0.037 Thread 0x000001cc9f08e880 Thread added: 0x000001cc9f08e880
Event: 0.051 Thread 0x000001cc9f35bdb0 Thread added: 0x000001cc9f35bdb0
Event: 0.057 Thread 0x000001cc9f35e420 Thread added: 0x000001cc9f35e420
Event: 0.188 Thread 0x000001cc9f4dafe0 Thread added: 0x000001cc9f4dafe0
Event: 0.189 Thread 0x000001cc9f4df650 Thread added: 0x000001cc9f4df650
Event: 0.191 Thread 0x000001cc9f4dfcb0 Thread added: 0x000001cc9f4dfcb0
Event: 0.334 Thread 0x000001cc9f52eaa0 Thread added: 0x000001cc9f52eaa0
Event: 0.335 Thread 0x000001cc809fe7e0 Thread exited: 0x000001cc809fe7e0
Event: 0.335 Thread 0x000001cc809fe7e0 Thread added: 0x000001cc809fe7e0
Event: 6.618 Thread 0x000001cce511b340 Thread added: 0x000001cce511b340
Event: 12.606 Thread 0x000001cce5139990 Thread added: 0x000001cce5139990


Dynamic libraries:
0x00007ff781900000 - 0x00007ff781910000 	C:\Program Files\Java\jdk-21\bin\java.exe
0x00007ffe86800000 - 0x00007ffe86a68000 	C:\WINDOWS\SYSTEM32\ntdll.dll
0x00007ffe84b30000 - 0x00007ffe84bf9000 	C:\WINDOWS\System32\KERNEL32.DLL
0x00007ffe83950000 - 0x00007ffe83d41000 	C:\WINDOWS\System32\KERNELBASE.dll
0x00007ffe84160000 - 0x00007ffe842ab000 	C:\WINDOWS\System32\ucrtbase.dll
0x00007ffe5f910000 - 0x00007ffe5f929000 	C:\Program Files\Java\jdk-21\bin\jli.dll
0x00007ffe84d00000 - 0x00007ffe84db4000 	C:\WINDOWS\System32\ADVAPI32.dll
0x00007ffe486a0000 - 0x00007ffe486bb000 	C:\Program Files\Java\jdk-21\bin\VCRUNTIME140.dll
0x00007ffe85020000 - 0x00007ffe850c9000 	C:\WINDOWS\System32\msvcrt.dll
0x00007ffe857e0000 - 0x00007ffe85886000 	C:\WINDOWS\System32\sechost.dll
0x00007ffe86570000 - 0x00007ffe86688000 	C:\WINDOWS\System32\RPCRT4.dll
0x00007ffe845a0000 - 0x00007ffe84766000 	C:\WINDOWS\System32\USER32.dll
0x00007ffe844e0000 - 0x00007ffe84507000 	C:\WINDOWS\System32\win32u.dll
0x00007ffe71fe0000 - 0x00007ffe72273000 	C:\WINDOWS\WinSxS\amd64_microsoft.windows.common-controls_6595b64144ccf1df_6.0.26100.7824_none_3e0870b2e3345462\COMCTL32.dll
0x00007ffe84770000 - 0x00007ffe8479b000 	C:\WINDOWS\System32\GDI32.dll
0x00007ffe84030000 - 0x00007ffe8415b000 	C:\WINDOWS\System32\gdi32full.dll
0x00007ffe83e10000 - 0x00007ffe83eb3000 	C:\WINDOWS\System32\msvcp_win.dll
0x00007ffe7c770000 - 0x00007ffe7c77b000 	C:\WINDOWS\SYSTEM32\VERSION.dll
0x00007ffe85890000 - 0x00007ffe858c1000 	C:\WINDOWS\System32\IMM32.DLL
0x00007ffe57d10000 - 0x00007ffe57d1c000 	C:\Program Files\Java\jdk-21\bin\vcruntime140_1.dll
0x00007ffe12e40000 - 0x00007ffe12ece000 	C:\Program Files\Java\jdk-21\bin\msvcp140.dll
0x00007ffd765c0000 - 0x00007ffd772dd000 	C:\Program Files\Java\jdk-21\bin\server\jvm.dll
0x00007ffe86030000 - 0x00007ffe860a4000 	C:\WINDOWS\System32\WS2_32.dll
0x00007ffe82f40000 - 0x00007ffe82f9e000 	C:\WINDOWS\SYSTEM32\POWRPROF.dll
0x00007ffe7c730000 - 0x00007ffe7c765000 	C:\WINDOWS\SYSTEM32\WINMM.dll
0x00007ffe82f20000 - 0x00007ffe82f34000 	C:\WINDOWS\SYSTEM32\UMPDC.dll
0x00007ffe81e80000 - 0x00007ffe81e9b000 	C:\WINDOWS\SYSTEM32\kernel.appcore.dll
0x00007ffe52300000 - 0x00007ffe5230a000 	C:\Program Files\Java\jdk-21\bin\jimage.dll
0x00007ffe81030000 - 0x00007ffe81272000 	C:\WINDOWS\SYSTEM32\DBGHELP.DLL
0x00007ffe847a0000 - 0x00007ffe84b26000 	C:\WINDOWS\System32\combase.dll
0x00007ffe860b0000 - 0x00007ffe86187000 	C:\WINDOWS\System32\OLEAUT32.dll
0x00007ffe6e6c0000 - 0x00007ffe6e6fb000 	C:\WINDOWS\SYSTEM32\dbgcore.DLL
0x00007ffe84430000 - 0x00007ffe844d5000 	C:\WINDOWS\System32\bcryptPrimitives.dll
0x00007ffe39fe0000 - 0x00007ffe39fff000 	C:\Program Files\Java\jdk-21\bin\java.dll
0x00007ffe858d0000 - 0x00007ffe86022000 	C:\WINDOWS\System32\SHELL32.dll
0x00007ffe83ec0000 - 0x00007ffe8402a000 	C:\WINDOWS\System32\wintypes.dll
0x00007ffe830e0000 - 0x00007ffe83943000 	C:\WINDOWS\System32\windows.storage.dll
0x00007ffe863e0000 - 0x00007ffe864d6000 	C:\WINDOWS\System32\SHCORE.dll
0x00007ffe86750000 - 0x00007ffe867b7000 	C:\WINDOWS\System32\shlwapi.dll
0x00007ffe83000000 - 0x00007ffe83029000 	C:\WINDOWS\SYSTEM32\profapi.dll
0x00007ffdb18b0000 - 0x00007ffdb1987000 	C:\Program Files\Java\jdk-21\bin\jsvml.dll
0x00007ffdaeac0000 - 0x00007ffdaec4f000 	C:\Program Files\Java\jdk-21\bin\awt.dll
0x00007ffe805a0000 - 0x00007ffe8063e000 	C:\WINDOWS\SYSTEM32\apphelp.dll
0x00007ffe28ce0000 - 0x00007ffe28cf0000 	C:\Program Files\Java\jdk-21\bin\net.dll
0x00007ffe7cd40000 - 0x00007ffe7ce67000 	C:\WINDOWS\SYSTEM32\WINHTTP.dll
0x00007ffe823f0000 - 0x00007ffe8245b000 	C:\WINDOWS\system32\mswsock.dll
0x00007ffe28cc0000 - 0x00007ffe28cd6000 	C:\Program Files\Java\jdk-21\bin\nio.dll
0x00007ffe26460000 - 0x00007ffe26478000 	C:\Program Files\Java\jdk-21\bin\zip.dll
0x00007ffe807c0000 - 0x00007ffe8086b000 	C:\WINDOWS\system32\uxtheme.dll
0x00007ffe84dc0000 - 0x00007ffe84f1f000 	C:\WINDOWS\System32\MSCTF.dll
0x00007ffe855e0000 - 0x00007ffe85777000 	C:\WINDOWS\System32\ole32.dll
0x00007ffe80a70000 - 0x00007ffe80aa1000 	C:\WINDOWS\system32\DWMAPI.DLL
0x00007ffe4a1d0000 - 0x00007ffe4a2e0000 	C:\WINDOWS\system32\opengl32.dll
0x00007ffe48670000 - 0x00007ffe4869d000 	C:\WINDOWS\SYSTEM32\GLU32.dll
0x00007ffe808c0000 - 0x00007ffe80904000 	C:\WINDOWS\SYSTEM32\dxcore.dll
0x00007ffe22770000 - 0x00007ffe22923000 	C:\WINDOWS\system32\d3d9.dll
0x00007ffe7c780000 - 0x00007ffe7c93b000 	C:\WINDOWS\System32\DriverStore\FileRepository\u0404276.inf_amd64_b6ae906c9d4ab767\B403905\aticfx64.dll
0x00007ffe5dc60000 - 0x00007ffe5dc94000 	C:\WINDOWS\System32\DriverStore\FileRepository\u0404276.inf_amd64_b6ae906c9d4ab767\B403905\atiu9p64.dll
0x00007ffe21a20000 - 0x00007ffe22767000 	C:\WINDOWS\System32\DriverStore\FileRepository\u0404276.inf_amd64_b6ae906c9d4ab767\B403905\atiumd64.dll
0x00007ffe78e00000 - 0x00007ffe78e35000 	C:\WINDOWS\SYSTEM32\amdihk64.dll
0x00007ffe7d500000 - 0x00007ffe7d563000 	C:\WINDOWS\SYSTEM32\directxdatabasehelper.dll
0x00007ffdd2ec0000 - 0x00007ffdd2f47000 	C:\Program Files\Java\jdk-21\bin\freetype.dll
0x00007ffdb0400000 - 0x00007ffdb04ea000 	C:\Program Files\Java\jdk-21\bin\fontmanager.dll
0x00007ffe86690000 - 0x00007ffe86740000 	C:\WINDOWS\System32\clbcatq.dll
0x00007ffe7eed0000 - 0x00007ffe7f0ff000 	C:\WINDOWS\SYSTEM32\WindowsCodecs.dll
0x00007ffe5ced0000 - 0x00007ffe5cf2a000 	C:\WINDOWS\system32\dataexchange.dll
0x00007ffe77000000 - 0x00007ffe77244000 	C:\WINDOWS\system32\twinapi.appcore.dll
0x00007ffe5edb0000 - 0x00007ffe5eef9000 	C:\WINDOWS\SYSTEM32\textinputframework.dll
0x00007ffe802a0000 - 0x00007ffe803c7000 	C:\WINDOWS\SYSTEM32\CoreMessaging.dll
0x00007ffe7ce70000 - 0x00007ffe7d152000 	C:\WINDOWS\SYSTEM32\CoreUIComponents.dll
0x00007ffe826e0000 - 0x00007ffe826ec000 	C:\WINDOWS\SYSTEM32\CRYPTBASE.DLL
0x00007ffe81950000 - 0x00007ffe81a7c000 	C:\WINDOWS\SYSTEM32\DNSAPI.dll
0x00007ffe81860000 - 0x00007ffe81894000 	C:\WINDOWS\SYSTEM32\IPHLPAPI.DLL
0x00007ffe86190000 - 0x00007ffe8619a000 	C:\WINDOWS\System32\NSI.dll
0x00007ffe74690000 - 0x00007ffe7469b000 	C:\Windows\System32\rasadhlp.dll
0x00007ffe79ec0000 - 0x00007ffe79f46000 	C:\WINDOWS\System32\fwpuclnt.dll
0x00007ffe26950000 - 0x00007ffe26959000 	C:\Program Files\Java\jdk-21\bin\extnet.dll
0x00007ffe39d50000 - 0x00007ffe39d5e000 	C:\Program Files\Java\jdk-21\bin\sunmscapi.dll
0x00007ffe842b0000 - 0x00007ffe84427000 	C:\WINDOWS\System32\CRYPT32.dll
0x00007ffe828e0000 - 0x00007ffe82910000 	C:\WINDOWS\SYSTEM32\ncrypt.dll
0x00007ffe82890000 - 0x00007ffe828cf000 	C:\WINDOWS\SYSTEM32\NTASN1.dll
0x00007ffe826c0000 - 0x00007ffe826db000 	C:\WINDOWS\SYSTEM32\CRYPTSP.dll
0x00007ffe81de0000 - 0x00007ffe81e19000 	C:\WINDOWS\system32\rsaenh.dll
0x00007ffe824a0000 - 0x00007ffe824cb000 	C:\WINDOWS\SYSTEM32\USERENV.dll
0x00007ffe82fd0000 - 0x00007ffe82ffa000 	C:\WINDOWS\SYSTEM32\bcrypt.dll

dbghelp: loaded successfully - version: 4.0.5 - missing functions: none
symbol engine: initialized successfully - sym options: 0x614 - pdb path: .;C:\Program Files\Java\jdk-21\bin;C:\WINDOWS\SYSTEM32;C:\WINDOWS\WinSxS\amd64_microsoft.windows.common-controls_6595b64144ccf1df_6.0.26100.7824_none_3e0870b2e3345462;C:\Program Files\Java\jdk-21\bin\server;C:\WINDOWS\System32\DriverStore\FileRepository\u0404276.inf_amd64_b6ae906c9d4ab767\B403905

VM Arguments:
java_command: com.mycompany.prac1_ipc2.Prac1_IPC2
java_class_path (initial): C:\Users\jeffm\OneDrive\Desktop\Practica1_IPC2\practica1_IPC2\prac1_IPC2\target\classes;C:\Users\jeffm\.m2\repository\com\mysql\mysql-connector-j\8.0.33\mysql-connector-j-8.0.33.jar;C:\Users\jeffm\.m2\repository\com\google\protobuf\protobuf-java\3.21.9\protobuf-java-3.21.9.jar
Launcher Type: SUN_STANDARD

[Global flags]
     intx CICompilerCount                          = 4                                         {product} {ergonomic}
     uint ConcGCThreads                            = 3                                         {product} {ergonomic}
     uint G1ConcRefinementThreads                  = 10                                        {product} {ergonomic}
   size_t G1HeapRegionSize                         = 1048576                                   {product} {ergonomic}
    uintx GCDrainStackTargetSize                   = 64                                        {product} {ergonomic}
   size_t InitialHeapSize                          = 98566144                                  {product} {ergonomic}
   size_t MarkStackSize                            = 4194304                                   {product} {ergonomic}
   size_t MaxHeapSize                              = 1574961152                                {product} {ergonomic}
   size_t MaxNewSize                               = 944766976                                 {product} {ergonomic}
   size_t MinHeapDeltaBytes                        = 1048576                                   {product} {ergonomic}
   size_t MinHeapSize                              = 8388608                                   {product} {ergonomic}
    uintx NonNMethodCodeHeapSize                   = 5839372                                {pd product} {ergonomic}
    uintx NonProfiledCodeHeapSize                  = 122909434                              {pd product} {ergonomic}
    uintx ProfiledCodeHeapSize                     = 122909434                              {pd product} {ergonomic}
    uintx ReservedCodeCacheSize                    = 251658240                              {pd product} {ergonomic}
     bool SegmentedCodeCache                       = true                                      {product} {ergonomic}
   size_t SoftMaxHeapSize                          = 1574961152                             {manageable} {ergonomic}
     bool UseCompressedOops                        = true                           {product lp64_product} {ergonomic}
     bool UseG1GC                                  = true                                      {product} {ergonomic}
     bool UseLargePagesIndividualAllocation        = false                                  {pd product} {ergonomic}

Logging:
Log output configuration:
 #0: stdout all=warning uptime,level,tags foldmultilines=false
 #1: stderr all=off uptime,level,tags foldmultilines=false

Environment Variables:
JAVA_HOME=C:\Program Files\Java\jdk-21
PATH=C:\Python313\Scripts\;C:\Python313\;C:\Python312\Scripts\;C:\Python312\;C:\Program Files\Common Files\Oracle\Java\javapath;C:\WINDOWS\system32;C:\WINDOWS;C:\WINDOWS\System32\Wbem;C:\WINDOWS\System32\WindowsPowerShell\v1.0\;C:\WINDOWS\System32\OpenSSH\;C:\Program Files\dotnet\;C:\Program Files\Java\jdk-19\bin;C:\Program Files\nodejs\node_modules\npm\bin;C:\Program Files\Git\cmd;C:\ProgramData\chocolatey\bin;C:\Program Files\nodejs\;C:\Program Files\MariaDB 11.7\bin;C:\Program Files (x86)\Microsoft SDKs\Windows\v10.0A\bin;C:\Program Files\MySQL\MySQL Shell 8.0\bin\;C:\Users\jeffm\AppData\Local\Microsoft\WindowsApps;C:\Users\jeffm\AppData\Local\Programs\Microsoft VS Code\bin;C:\Program Files\nodejs;C:\Users\jeffm\AppData\Roaming\npm;C:\Users\jeffm\.dotnet\tools;
USERNAME=jeffm
OS=Windows_NT
PROCESSOR_IDENTIFIER=AMD64 Family 23 Model 104 Stepping 1, AuthenticAMD
TMP=C:\Users\jeffm\AppData\Local\Temp
TEMP=C:\Users\jeffm\AppData\Local\Temp




Periodic native trim disabled

---------------  S Y S T E M  ---------------

OS:
 Windows 11 , 64 bit Build 26100 (10.0.26100.7705)
OS uptime: 20 days 13:33 hours
Hyper-V role detected

CPU: total 12 (initial active 12) (12 cores per cpu, 2 threads per core) family 23 model 104 stepping 1 microcode 0x8608103, cx8, cmov, fxsr, ht, mmx, 3dnowpref, sse, sse2, sse3, ssse3, sse4a, sse4.1, sse4.2, popcnt, lzcnt, tsc, tscinvbit, avx, avx2, aes, clmul, bmi1, bmi2, adx, sha, fma, vzeroupper, clflush, clflushopt, hv, rdtscp, rdpid, f16c
Processor Information for processor 0
  Max Mhz: 2100, Current Mhz: 1988, Mhz Limit: 2100
Processor Information for processor 1
  Max Mhz: 2100, Current Mhz: 1988, Mhz Limit: 2100
Processor Information for processor 2
  Max Mhz: 2100, Current Mhz: 1988, Mhz Limit: 2100
Processor Information for processor 3
  Max Mhz: 2100, Current Mhz: 1988, Mhz Limit: 2100
Processor Information for processor 4
  Max Mhz: 2100, Current Mhz: 1988, Mhz Limit: 2100
Processor Information for processor 5
  Max Mhz: 2100, Current Mhz: 1988, Mhz Limit: 2100
Processor Information for processor 6
  Max Mhz: 2100, Current Mhz: 2100, Mhz Limit: 2100
Processor Information for processor 7
  Max Mhz: 2100, Current Mhz: 1988, Mhz Limit: 2100
Processor Information for processor 8
  Max Mhz: 2100, Current Mhz: 2100, Mhz Limit: 2100
Processor Information for processor 9
  Max Mhz: 2100, Current Mhz: 1988, Mhz Limit: 2100
Processor Information for processor 10
  Max Mhz: 2100, Current Mhz: 1988, Mhz Limit: 2100
Processor Information for processor 11
  Max Mhz: 2100, Current Mhz: 2100, Mhz Limit: 2100

Memory: 4k page, system-wide physical 6005M (273M free)
TotalPageFile size 24437M (AvailPageFile size 0M)
current process WorkingSet (physical memory assigned to process): 115M, peak: 116M
current process commit charge ("private bytes"): 220M, peak: 223M

vm_info: Java HotSpot(TM) 64-Bit Server VM (21.0.8+12-LTS-250) for windows-amd64 JRE (21.0.8+12-LTS-250), built on 2025-06-27T08:11:22Z by "mach5one" with MS VC++ 17.6 (VS2022)

END.
